Arguments: 
  C:\Program Files\nodejs\node.exe C:\Program Files (x86)\Yarn\bin\yarn.js install

PATH: 
  C:\Users\admin\AppData\Local\cmder\bin;C:\Users\admin\AppData\Local\cmder\vendor\bin;C:\Users\admin\AppData\Local\cmder\vendor\conemu-maximus5\ConEmu\Scripts;C:\Users\admin\AppData\Local\cmder\vendor\conemu-maximus5;C:\Users\admin\AppData\Local\cmder\vendor\conemu-maximus5\ConEmu;C:\Windows\system32;C:\Windows;C:\Windows\System32\Wbem;C:\Windows\System32\WindowsPowerShell\v1.0\;C:\Windows\System32\OpenSSH\;C:\Program Files\nodejs\;C:\Program Files\Git\cmd;C:\Users\admin\AppData\Local\cmder;C:\Program Files (x86)\Yarn\bin\;C:\Users\admin\.windows-build-tools\python27\;C:\Program Files\nodejs\node_modules\npm\node_modules\npm-lifecycle\node-gyp-bin;C:\Users\admin\AppData\Roaming\npm\node_modules\windows-build-tools\node_modules\.bin;C:\Users\admin\AppData\Roaming\npm\node_modules\.bin;C:\Windows\system32;C:\Windows;C:\Windows\System32\Wbem;C:\Windows\System32\WindowsPowerShell\v1.0\;C:\Windows\System32\OpenSSH\;C:\Program Files\nodejs\;C:\Program Files\Git\cmd;C:\Users\admin\AppData\Local\cmder;C:\Users\admin\AppData\Local\Microsoft\WindowsApps;C:\Users\admin\AppData\Local\Programs\Microsoft VS Code\bin;C:\Users\admin\AppData\Roaming\npm;C:\Users\admin\AppData\Local\Yarn\bin;C:\Program Files\Git\cmd;C:\Program Files\Git\mingw64\bin;C:\Program Files\Git\usr\bin;C:\Users\admin\AppData\Local\cmder

Yarn version: 
  1.15.2

Node version: 
  10.15.3

Platform: 
  win32 x64

Trace: 
  Error: connect ETIMEDOUT 104.16.18.35:443
      at TCPConnectWrap.afterConnect [as oncomplete] (net.js:1097:14)

npm manifest: 
  {
    "name": "taro-wx",
    "version": "1.0.0",
    "private": true,
    "description": "学习使用taro开发小程序",
    "main": "index.js",
    "scripts": {
      "build:weapp": "taro build --type weapp",
      "build:swan": "taro build --type swan",
      "build:alipay": "taro build --type alipay",
      "build:tt": "taro build --type tt",
      "build:h5": "taro build --type h5",
      "build:rn": "taro build --type rn",
      "dev:weapp": "npm run build:weapp -- --watch",
      "dev:swan": "npm run build:swan -- --watch",
      "dev:alipay": "npm run build:alipay -- --watch",
      "dev:tt": "npm run build:tt -- --watch",
      "dev:h5": "npm run build:h5 -- --watch",
      "dev:rn": "npm run build:rn -- --watch"
    },
    "author": "",
    "license": "MIT",
    "dependencies": {
      "@tarojs/components": "1.2.20",
      "@tarojs/router": "1.2.20",
      "@tarojs/taro": "1.2.20",
      "@tarojs/taro-alipay": "1.2.20",
      "@tarojs/taro-h5": "1.2.20",
      "@tarojs/taro-swan": "1.2.20",
      "@tarojs/taro-tt": "1.2.20",
      "@tarojs/taro-weapp": "1.2.20",
      "@tarojs/rn-runner": "1.2.20",
      "@tarojs/mobx": "1.2.20",
      "@tarojs/mobx-h5": "1.2.20",
      "@tarojs/mobx-rn": "1.2.20",
      "mobx": "4.8.0",
      "nervjs": "^1.3.9",
      "nerv-devtools": "^1.3.9"
    },
    "devDependencies": {
      "@types/react": "16.3.14",
      "@types/webpack-env": "^1.13.6",
      "@tarojs/plugin-babel": "1.2.20",
      "@tarojs/plugin-csso": "1.2.20",
      "@tarojs/plugin-sass": "1.2.20",
      "@tarojs/plugin-uglifyjs": "1.2.20",
      "@tarojs/webpack-runner": "1.2.20",
      "babel-plugin-transform-class-properties": "^6.24.1",
      "babel-plugin-transform-decorators-legacy": "^1.3.4",
      "babel-plugin-transform-jsx-stylesheet": "^0.6.5",
      "babel-plugin-transform-object-rest-spread": "^6.26.0",
      "babel-preset-env": "^1.6.1",
      "babel-eslint": "^8.2.3",
      "eslint": "^4.19.1",
      "eslint-config-taro": "1.2.20",
      "eslint-plugin-react": "^7.8.2",
      "eslint-plugin-import": "^2.12.0",
      "eslint-plugin-taro": "1.2.20",
      "typescript": "^3.0.1"
    }
  }

yarn manifest: 
  No manifest

Lockfile: 
  No lockfile
